type -> INT
type -> INT
function-parameters -> type IDENT
function-parameters -> function-parameters-sequence
function-parameters -> type IDENT COMMA function-parameters
function-parameters -> function-parameters-sequence
type -> INT
return-type -> type
expression -> IDENT
arithmetic-operator -> PLUS
binary-operator -> arithmetic-operator
expression -> IDENT
expression -> expression binary-operator expression
return-statement -> RETURN expression SEMICOLON
statement -> return-statement
statements -> statement
function-declaration -> DEFINE IDENT AS LEFTPAREN function-parameters RIGHTPAREN ARROW return-type LEFTCURLY statements RIGHTCURLY
statement -> function-declaration
type -> INT
type -> INT
function-parameters -> type IDENT
function-parameters -> function-parameters-sequence
function-parameters -> type IDENT COMMA function-parameters
function-parameters -> function-parameters-sequence
type -> INT
return-type -> type
expression -> IDENT
arithmetic-operator -> MULTIPLY
binary-operator -> arithmetic-operator
expression -> IDENT
expression -> expression binary-operator expression
return-statement -> RETURN expression SEMICOLON
statement -> return-statement
statements -> statement
function-declaration -> DEFINE IDENT AS LEFTPAREN function-parameters RIGHTPAREN ARROW return-type LEFTCURLY statements RIGHTCURLY
statement -> function-declaration
function-parameters -> 
return-type -> 
type -> INT
variable-sequence -> IDENT
statement -> variable-declaration
type -> INT
variable-sequence -> IDENT
statement -> variable-declaration
expression -> NUM
expression -> NUM
expression-sequence -> expression
expression-sequence -> expression COMMA expression-sequence
expression -> IDENT LEFTPAREN expression-sequenc-sequence  RIGHTPAREN
variable-assignment -> IDENT ASSIGN expression SEMICOLON
statement -> variable-assignment
expression -> IDENT
statement -> print-statement
expression -> IDENT
expression -> IDENT
arithmetic-operator -> PLUS
binary-operator -> arithmetic-operator
expression -> IDENT
expression -> expression binary-operator expression
expression-sequence -> expression
expression-sequence -> expression COMMA expression-sequence
expression -> IDENT LEFTPAREN expression-sequenc-sequence  RIGHTPAREN
variable-assignment -> IDENT ASSIGN expression SEMICOLON
statement -> variable-assignment
expression -> IDENT
statement -> print-statement
statements -> statement
statements -> statement statements
statements -> statement statements
statements -> statement statements
statements -> statement statements
statements -> statement statements
function-declaration -> DEFINE IDENT AS LEFTPAREN function-parameters RIGHTPAREN ARROW return-type LEFTCURLY statements RIGHTCURLY
statement -> function-declaration
statements -> statement
statements -> statement statements
statements -> statement statements
