function-parameters -> 
return-type -> 
type -> INT
variable-sequence -> IDENT
statement -> variable-declaration
expression -> NUM
variable-assignment -> IDENT ASSIGN expression SEMICOLON
statement -> variable-assignment
expression -> IDENT
expression -> NUM
expression -> expression LT expression
expression -> IDENT
statement -> print-statement
expression -> IDENT
expression -> NUM
expression -> expression PLUS expression
variable-assignment -> IDENT ASSIGN expression SEMICOLON
statement -> variable-assignment
statements -> statement
statements -> statement statements
while-statement -> WHILE expression LEFTCURLY statements RIGHTCURLY
statement -> while-statement
statements -> statement
statements -> statement statements
statements -> statement statements
function-declaration -> DEFINE IDENT AS LEFTPAREN function-parameters RIGHTPAREN ARROW return-type LEFTCURLY statements RIGHTCURLY
statement -> function-declaration
statements -> statement
