DEFINE keyword
IDENTIFIER: main
AS keyword
LEFTPAREN keyword
RIGHTPAREN keyword
SUBTRACT symbol
GT symbol
LEFTCURLY keyword
INT keyword
IDENTIFIER: x
ASSIGN symbol
NUMBER: 5
SEMICOLON keywork
INT keyword
IDENTIFIER: result
ASSIGN symbol
SUBTRACT symbol
NUMBER: 1
SEMICOLON keywork
IF keyword
NOT symbol
LEFTPAREN keyword
IDENTIFIER: x
LT symbol
NUMBER: 7
RIGHTPAREN keyword
LEFTCURLY keyword
IDENTIFIER: result
ASSIGN symbol
NUMBER: 0
SEMICOLON keywork
RIGHTCURLY keyword
ELSE keyword
LEFTCURLY keyword
IDENTIFIER: result
ASSIGN symbol
NUMBER: 1
SEMICOLON keywork
RIGHTCURLY keyword
RIGHTCURLY keyword
