DEFINE keyword
IDENTIFIER: main
AS keyword
LEFTPAREN keyword
RIGHTPAREN keyword
SUBTRACT symbol
GT symbol
LEFTCURLY keyword
INT keyword
IDENTIFIER: x
SEMICOLON keywork
INT keyword
IDENTIFIER: y
SEMICOLON keywork
INT keyword
IDENTIFIER: z
SEMICOLON keywork
IDENTIFIER: x
ASSIGN symbol
NUMBER: 10
SEMICOLON keywork
IDENTIFIER: y
ASSIGN symbol
NUMBER: 5
SEMICOLON keywork
IF keyword
IDENTIFIER: x
OR keyword
IDENTIFIER: y
LEFTCURLY keyword
IDENTIFIER: z
ASSIGN symbol
NUMBER: 0
SEMICOLON keywork
RIGHTCURLY keyword
ELSE keyword
LEFTCURLY keyword
IDENTIFIER: z
ASSIGN symbol
NUMBER: 1
SEMICOLON keywork
RIGHTCURLY keyword
PRINT keyword
LEFTPAREN keyword
IDENTIFIER: z
RIGHTPAREN keyword
SEMICOLON keywork
IF keyword
IDENTIFIER: x
AND keyword
IDENTIFIER: z
LEFTCURLY keyword
PRINT keyword
LEFTPAREN keyword
IDENTIFIER: x
AND keyword
IDENTIFIER: z
RIGHTPAREN keyword
SEMICOLON keywork
RIGHTCURLY keyword
ELSE keyword
LEFTCURLY keyword
PRINT keyword
LEFTPAREN keyword
IDENTIFIER: x
RIGHTPAREN keyword
SEMICOLON keywork
RIGHTCURLY keyword
PRINT keyword
LEFTPAREN keyword
IDENTIFIER: z
AND keyword
IDENTIFIER: y
RIGHTPAREN keyword
SEMICOLON keywork
RIGHTCURLY keyword
