IDENTIFIER: func
IDENTIFIER: main
Left parenthesis keyword
Right parenthesis keyword
Left curly bracket keyword
Int keyword
IDENTIFIER: x
Semicolon
Int keyword
IDENTIFIER: y
Semicolon
Int keyword
IDENTIFIER: z
Semicolon
IDENTIFIER: x
Equals sign symbol
NUMBER: 10
Semicolon
IDENTIFIER: y
Equals sign symbol
NUMBER: 5
Semicolon
IDENTIFIER: z
Equals sign symbol
IDENTIFIER: x
Plus symbol
IDENTIFIER: y
Semicolon
Print keyword
Left parenthesis keyword
IDENTIFIER: z
Right parenthesis keyword
Semicolon
IDENTIFIER: z
Equals sign symbol
IDENTIFIER: x
Subtract symbol
IDENTIFIER: y
Semicolon
Print keyword
Left parenthesis keyword
IDENTIFIER: z
Right parenthesis keyword
Semicolon
IDENTIFIER: z
Equals sign symbol
IDENTIFIER: x
Multiply symbol
IDENTIFIER: y
Semicolon
Print keyword
Left parenthesis keyword
IDENTIFIER: z
Right parenthesis keyword
Semicolon
IDENTIFIER: z
Equals sign symbol
IDENTIFIER: x
Divide symbol
IDENTIFIER: y
Semicolon
Print keyword
Left parenthesis keyword
IDENTIFIER: z
Right parenthesis keyword
Semicolon
IDENTIFIER: z
Equals sign symbol
IDENTIFIER: x
Modulus symbol
IDENTIFIER: y
Semicolon
Print keyword
Left parenthesis keyword
IDENTIFIER: z
Right parenthesis keyword
Semicolon
IDENTIFIER: x
Equals sign symbol
NUMBER: 5
Semicolon
IDENTIFIER: y
Equals sign symbol
NUMBER: 4
Semicolon
IDENTIFIER: z
Equals sign symbol
Left parenthesis keyword
IDENTIFIER: x
Plus symbol
NUMBER: 1
Right parenthesis keyword
Multiply symbol
IDENTIFIER: y
Semicolon
Print keyword
Left parenthesis keyword
IDENTIFIER: z
Right parenthesis keyword
Semicolon
Right curly bracket keyword
