DEFINE keyword
IDENTIFIER: main
AS keyword
LEFTPAREN keyword
RIGHTPAREN keyword
SUBTRACT symbol
GT symbol
LEFTCURLY keyword
INT keyword
IDENTIFIER: x
SEMICOLON keywork
INT keyword
IDENTIFIER: y
SEMICOLON keywork
IDENTIFIER: x
ASSIGN symbol
NUMBER: 0
SEMICOLON keywork
WHILE keyword
IDENTIFIER: x
LT symbol
NUMBER: 2
LEFTCURLY keyword
IDENTIFIER: y
ASSIGN symbol
NUMBER: 0
SEMICOLON keywork
WHILE keyword
IDENTIFIER: y
LT symbol
NUMBER: 3
LEFTCURLY keyword
PRINT keyword
LEFTPAREN keyword
IDENTIFIER: y
RIGHTPAREN keyword
SEMICOLON keywork
IDENTIFIER: y
ASSIGN symbol
IDENTIFIER: y
PLUS symbol
NUMBER: 1
SEMICOLON keywork
RIGHTCURLY keyword
IDENTIFIER: x
ASSIGN symbol
IDENTIFIER: x
PLUS symbol
NUMBER: 1
SEMICOLON keywork
RIGHTCURLY keyword
RIGHTCURLY keyword
