DEFINE keyword
IDENTIFIER: add
AS keyword
LEFTPAREN keyword
INT keyword
IDENTIFIER: x
COMMA keyword
INT keyword
IDENTIFIER: y
RIGHTPAREN keyword
ARROW keyword
INT keyword
LEFTCURLY keyword
RETURN keyword
IDENTIFIER: x
PLUS symbol
IDENTIFIER: y
SEMICOLON keywork
RIGHTCURLY keyword
DEFINE keyword
IDENTIFIER: mul
AS keyword
LEFTPAREN keyword
INT keyword
IDENTIFIER: x
COMMA keyword
INT keyword
IDENTIFIER: y
RIGHTPAREN keyword
ARROW keyword
INT keyword
LEFTCURLY keyword
RETURN keyword
IDENTIFIER: x
MULTIPLY symbol
IDENTIFIER: y
SEMICOLON keywork
RIGHTCURLY keyword
DEFINE keyword
IDENTIFIER: main
AS keyword
LEFTPAREN keyword
RIGHTPAREN keyword
ARROW keyword
LEFTCURLY keyword
INT keyword
IDENTIFIER: x
SEMICOLON keywork
INT keyword
IDENTIFIER: y
SEMICOLON keywork
IDENTIFIER: x
ASSIGN symbol
IDENTIFIER: add
LEFTPAREN keyword
NUMBER: 10
COMMA keyword
NUMBER: 2
RIGHTPAREN keyword
SEMICOLON keywork
PRINT keyword
LEFTPAREN keyword
IDENTIFIER: x
RIGHTPAREN keyword
SEMICOLON keywork
IDENTIFIER: y
ASSIGN symbol
IDENTIFIER: mul
LEFTPAREN keyword
IDENTIFIER: x
COMMA keyword
IDENTIFIER: x
PLUS symbol
IDENTIFIER: y
RIGHTPAREN keyword
SEMICOLON keywork
PRINT keyword
LEFTPAREN keyword
IDENTIFIER: y
RIGHTPAREN keyword
SEMICOLON keywork
RIGHTCURLY keyword
